<?xml version="1.0" encoding="UTF-8"?>
<robot generator="Robot 6.1.1 (Python 3.11.9 on win32)" generated="20250421 16:32:54.638" rpa="false" schemaversion="4">
<suite id="s1" name="Test Checkout" source="C:\Users\HP\SauceDemoAutomation\Tests\test_checkout.robot">
<test id="s1-t1" name="Complete Checkout Flow" line="13">
<kw name="Open Browser To SauceDemo" library="Keywords">
<kw name="Open Browser" library="SeleniumLibrary">
<arg>${URL}</arg>
<arg>chrome</arg>
<doc>Opens a new browser instance to the optional ``url``.</doc>
<msg timestamp="20250421 16:32:55.091" level="INFO">Opening browser 'chrome' to base url 'https://www.saucedemo.com/'.</msg>
<status status="PASS" starttime="20250421 16:32:55.091" endtime="20250421 16:32:57.434"/>
</kw>
<kw name="Maximize Browser Window" library="SeleniumLibrary">
<doc>Maximizes current browser window.</doc>
<status status="PASS" starttime="20250421 16:32:57.434" endtime="20250421 16:32:58.206"/>
</kw>
<status status="PASS" starttime="20250421 16:32:55.091" endtime="20250421 16:32:58.206"/>
</kw>
<kw name="Login With Credentials" library="CheckoutPage">
<arg>${USERNAME}</arg>
<arg>${PASSWORD}</arg>
<kw name="Input Username" library="LoginPage">
<arg>${USERNAME}</arg>
<kw name="Input Text" library="SeleniumLibrary">
<arg>${USERNAME_FIELD}</arg>
<arg>${username}</arg>
<doc>Types the given ``text`` into the text field identified by ``locator``.</doc>
<msg timestamp="20250421 16:32:58.218" level="INFO">Typing text 'standard_user' into text field 'id:user-name'.</msg>
<status status="PASS" starttime="20250421 16:32:58.206" endtime="20250421 16:32:58.519"/>
</kw>
<status status="PASS" starttime="20250421 16:32:58.206" endtime="20250421 16:32:58.519"/>
</kw>
<kw name="Input Password" library="LoginPage">
<arg>${PASSWORD}</arg>
<kw name="Input Text" library="SeleniumLibrary">
<arg>${PASSWORD_FIELD}</arg>
<arg>${password}</arg>
<doc>Types the given ``text`` into the text field identified by ``locator``.</doc>
<msg timestamp="20250421 16:32:58.519" level="INFO">Typing text 'secret_sauce' into text field 'id:password'.</msg>
<status status="PASS" starttime="20250421 16:32:58.519" endtime="20250421 16:32:58.747"/>
</kw>
<status status="PASS" starttime="20250421 16:32:58.519" endtime="20250421 16:32:58.747"/>
</kw>
<kw name="Click Login Button" library="LoginPage">
<kw name="Click Button" library="SeleniumLibrary">
<arg>${LOGIN_BUTTON}</arg>
<doc>Clicks the button identified by ``locator``.</doc>
<msg timestamp="20250421 16:32:58.753" level="INFO">Clicking button 'id:login-button'.</msg>
<status status="PASS" starttime="20250421 16:32:58.747" endtime="20250421 16:32:59.003"/>
</kw>
<status status="PASS" starttime="20250421 16:32:58.747" endtime="20250421 16:32:59.003"/>
</kw>
<status status="PASS" starttime="20250421 16:32:58.206" endtime="20250421 16:32:59.003"/>
</kw>
<kw name="Add Item To Cart" library="HomePage">
<arg>Sauce Labs Backpack</arg>
<kw name="Click Button" library="SeleniumLibrary">
<arg>xpath://div[text()='${product_name}']/ancestor::div[@class='inventory_item']//button</arg>
<doc>Clicks the button identified by ``locator``.</doc>
<msg timestamp="20250421 16:32:59.003" level="INFO">Clicking button 'xpath://div[text()='Sauce Labs Backpack']/ancestor::div[@class='inventory_item']//button'.</msg>
<status status="PASS" starttime="20250421 16:32:59.003" endtime="20250421 16:32:59.195"/>
</kw>
<status status="PASS" starttime="20250421 16:32:59.003" endtime="20250421 16:32:59.195"/>
</kw>
<kw name="Sleep" library="BuiltIn">
<arg>10s</arg>
<doc>Pauses the test executed for the given time.</doc>
<msg timestamp="20250421 16:33:09.195" level="INFO">Slept 10 seconds</msg>
<status status="PASS" starttime="20250421 16:32:59.195" endtime="20250421 16:33:09.195"/>
</kw>
<kw name="Click Cart Icon" library="CheckoutPage">
<kw name="Click Element" library="SeleniumLibrary">
<arg>class=shopping_cart_link</arg>
<doc>Click the element identified by ``locator``.</doc>
<msg timestamp="20250421 16:33:09.195" level="INFO">Clicking element 'class=shopping_cart_link'.</msg>
<status status="PASS" starttime="20250421 16:33:09.195" endtime="20250421 16:33:09.405"/>
</kw>
<status status="PASS" starttime="20250421 16:33:09.195" endtime="20250421 16:33:09.405"/>
</kw>
<kw name="Sleep" library="BuiltIn">
<arg>10s</arg>
<doc>Pauses the test executed for the given time.</doc>
<msg timestamp="20250421 16:33:19.409" level="INFO">Slept 10 seconds</msg>
<status status="PASS" starttime="20250421 16:33:09.408" endtime="20250421 16:33:19.409"/>
</kw>
<kw name="Click Checkout Button" library="CheckoutPage">
<kw name="Click Button" library="SeleniumLibrary">
<arg>//button[@id='checkout']</arg>
<doc>Clicks the button identified by ``locator``.</doc>
<msg timestamp="20250421 16:33:19.409" level="INFO">Clicking button '//button[@id='checkout']'.</msg>
<status status="PASS" starttime="20250421 16:33:19.409" endtime="20250421 16:33:19.748"/>
</kw>
<status status="PASS" starttime="20250421 16:33:19.409" endtime="20250421 16:33:19.748"/>
</kw>
<kw name="Fill Checkout Information" library="CheckoutPage">
<arg>Keerti</arg>
<arg>QA</arg>
<arg>560001</arg>
<kw name="Input Text" library="SeleniumLibrary">
<arg>//input[@id='first-name']</arg>
<arg>${first}</arg>
<doc>Types the given ``text`` into the text field identified by ``locator``.</doc>
<msg timestamp="20250421 16:33:19.756" level="INFO">Typing text 'Keerti' into text field '//input[@id='first-name']'.</msg>
<status status="PASS" starttime="20250421 16:33:19.756" endtime="20250421 16:33:20.033"/>
</kw>
<kw name="Input Text" library="SeleniumLibrary">
<arg>//input[@id='last-name']</arg>
<arg>${last}</arg>
<doc>Types the given ``text`` into the text field identified by ``locator``.</doc>
<msg timestamp="20250421 16:33:20.033" level="INFO">Typing text 'QA' into text field '//input[@id='last-name']'.</msg>
<status status="PASS" starttime="20250421 16:33:20.033" endtime="20250421 16:33:20.170"/>
</kw>
<kw name="Input Text" library="SeleniumLibrary">
<arg>//input[@id='postal-code']</arg>
<arg>${zip}</arg>
<doc>Types the given ``text`` into the text field identified by ``locator``.</doc>
<msg timestamp="20250421 16:33:20.170" level="INFO">Typing text '560001' into text field '//input[@id='postal-code']'.</msg>
<status status="PASS" starttime="20250421 16:33:20.170" endtime="20250421 16:33:20.321"/>
</kw>
<status status="PASS" starttime="20250421 16:33:19.756" endtime="20250421 16:33:20.321"/>
</kw>
<kw name="Click Continue And Finish" library="CheckoutPage">
<kw name="Click Button" library="SeleniumLibrary">
<arg>id=continue</arg>
<doc>Clicks the button identified by ``locator``.</doc>
<msg timestamp="20250421 16:33:20.321" level="INFO">Clicking button 'id=continue'.</msg>
<status status="PASS" starttime="20250421 16:33:20.321" endtime="20250421 16:33:20.467"/>
</kw>
<kw name="Click Button" library="SeleniumLibrary">
<arg>id=finish</arg>
<doc>Clicks the button identified by ``locator``.</doc>
<msg timestamp="20250421 16:33:20.467" level="INFO">Clicking button 'id=finish'.</msg>
<status status="PASS" starttime="20250421 16:33:20.467" endtime="20250421 16:33:20.596"/>
</kw>
<status status="PASS" starttime="20250421 16:33:20.321" endtime="20250421 16:33:20.596"/>
</kw>
<kw name="Verify Order Success Message" library="CheckoutPage">
<kw name="Page Should Contain Element" library="SeleniumLibrary">
<arg>xpath://h2[text()='Thank you for your order!']</arg>
<doc>Verifies that element ``locator`` is found on the current page.</doc>
<msg timestamp="20250421 16:33:20.623" level="INFO">Current page contains element 'xpath://h2[text()='Thank you for your order!']'.</msg>
<status status="PASS" starttime="20250421 16:33:20.596" endtime="20250421 16:33:20.623"/>
</kw>
<status status="PASS" starttime="20250421 16:33:20.596" endtime="20250421 16:33:20.623"/>
</kw>
<kw name="Close Browser" library="SeleniumLibrary" type="TEARDOWN">
<doc>Closes the current browser.</doc>
<status status="PASS" starttime="20250421 16:33:20.623" endtime="20250421 16:33:22.947"/>
</kw>
<status status="PASS" starttime="20250421 16:32:55.091" endtime="20250421 16:33:22.948"/>
</test>
<status status="PASS" starttime="20250421 16:32:54.638" endtime="20250421 16:33:22.948"/>
</suite>
<statistics>
<total>
<stat pass="1" fail="0" skip="0">All Tests</stat>
</total>
<tag>
</tag>
<suite>
<stat pass="1" fail="0" skip="0" id="s1" name="Test Checkout">Test Checkout</stat>
</suite>
</statistics>
<errors>
</errors>
</robot>
